This file contains any messages produced by compilers while
running configure, to aid debugging if configure makes a mistake.

It was created by libdqlite configure 1.14.0, which was
generated by GNU Autoconf 2.71.  Invocation command line was

  $ ./configure --enable-debug --enable-sanitize

## --------- ##
## Platform. ##
## --------- ##

hostname = user
uname -m = x86_64
uname -r = 6.1.0-37-amd64
uname -s = Linux
uname -v = #1 SMP PREEMPT_DYNAMIC Debian 6.1.140-1 (2025-05-22)

/usr/bin/uname -p = unknown
/bin/uname -X     = unknown

/bin/arch              = x86_64
/usr/bin/arch -k       = unknown
/usr/convex/getsysinfo = unknown
/usr/bin/hostinfo      = unknown
/bin/machine           = unknown
/usr/bin/oslevel       = unknown
/bin/universe          = unknown

PATH: /usr/local/sbin/
PATH: /usr/local/bin/
PATH: /usr/sbin/
PATH: /usr/bin/
PATH: /sbin/
PATH: /bin/


## ----------- ##
## Core tests. ##
## ----------- ##

configure:2582: looking for aux files: ltmain.sh config.guess config.sub compile missing install-sh
configure:2595:  trying ./ac/
configure:2624:   ./ac/ltmain.sh found
configure:2624:   ./ac/config.guess found
configure:2624:   ./ac/config.sub found
configure:2624:   ./ac/compile found
configure:2624:   ./ac/missing found
configure:2606:   ./ac/install-sh found
configure:2756: checking for a BSD-compatible install
configure:2829: result: /usr/bin/install -c
configure:2840: checking whether build environment is sane
configure:2895: result: yes
configure:3054: checking for a race-free mkdir -p
configure:3098: result: /usr/bin/mkdir -p
configure:3105: checking for gawk
configure:3126: found /usr/bin/gawk
configure:3137: result: gawk
configure:3148: checking whether make sets $(MAKE)
configure:3171: result: yes
configure:3201: checking whether make supports nested variables
configure:3219: result: yes
configure:3367: checking whether make supports nested variables
configure:3385: result: yes
configure:3410: checking whether make supports the include directive
configure:3425: make -f confmf.GNU && cat confinc.out
this is the am__doit target
configure:3428: $? = 0
configure:3447: result: yes (GNU style)
configure:3523: checking for gcc
configure:3544: found /usr/bin/gcc
configure:3555: result: gcc
configure:3908: checking for C compiler version
configure:3917: gcc --version >&5
gcc (Debian 12.2.0-14+deb12u1) 12.2.0
Copyright (C) 2022 Free Software Foundation, Inc.
This is free software; see the source for copying conditions.  There is NO
warranty; not even for MERCHANTABILITY or FITNESS FOR A PARTICULAR PURPOSE.

configure:3928: $? = 0
configure:3917: gcc -v >&5
Using built-in specs.
COLLECT_GCC=gcc
COLLECT_LTO_WRAPPER=/usr/lib/gcc/x86_64-linux-gnu/12/lto-wrapper
OFFLOAD_TARGET_NAMES=nvptx-none:amdgcn-amdhsa
OFFLOAD_TARGET_DEFAULT=1
Target: x86_64-linux-gnu
Configured with: ../src/configure -v --with-pkgversion='Debian 12.2.0-14+deb12u1' --with-bugurl=file:///usr/share/doc/gcc-12/README.Bugs --enable-languages=c,ada,c++,go,d,fortran,objc,obj-c++,m2 --prefix=/usr --with-gcc-major-version-only --program-suffix=-12 --program-prefix=x86_64-linux-gnu- --enable-shared --enable-linker-build-id --libexecdir=/usr/lib --without-included-gettext --enable-threads=posix --libdir=/usr/lib --enable-nls --enable-clocale=gnu --enable-libstdcxx-debug --enable-libstdcxx-time=yes --with-default-libstdcxx-abi=new --enable-gnu-unique-object --disable-vtable-verify --enable-plugin --enable-default-pie --with-system-zlib --enable-libphobos-checking=release --with-target-system-zlib=auto --enable-objc-gc=auto --enable-multiarch --disable-werror --enable-cet --with-arch-32=i686 --with-abi=m64 --with-multilib-list=m32,m64,mx32 --enable-multilib --with-tune=generic --enable-offload-targets=nvptx-none=/build/reproducible-path/gcc-12-12.2.0/debian/tmp-nvptx/usr,amdgcn-amdhsa=/build/reproducible-path/gcc-12-12.2.0/debian/tmp-gcn/usr --enable-offload-defaulted --without-cuda-driver --enable-checking=release --build=x86_64-linux-gnu --host=x86_64-linux-gnu --target=x86_64-linux-gnu
Thread model: posix
Supported LTO compression algorithms: zlib zstd
gcc version 12.2.0 (Debian 12.2.0-14+deb12u1) 
... rest of stderr output deleted ...
configure:3928: $? = 0
configure:3917: gcc -V >&5
gcc: error: unrecognized command-line option '-V'
gcc: fatal error: no input files
compilation terminated.
configure:3928: $? = 1
configure:3917: gcc -qversion >&5
gcc: error: unrecognized command-line option '-qversion'; did you mean '--version'?
gcc: fatal error: no input files
compilation terminated.
configure:3928: $? = 1
configure:3917: gcc -version >&5
gcc: error: unrecognized command-line option '-version'
gcc: fatal error: no input files
compilation terminated.
configure:3928: $? = 1
configure:3948: checking whether the C compiler works
configure:3970: gcc    conftest.c  >&5
configure:3974: $? = 0
configure:4024: result: yes
configure:4027: checking for C compiler default output file name
configure:4029: result: a.out
configure:4035: checking for suffix of executables
configure:4042: gcc -o conftest    conftest.c  >&5
configure:4046: $? = 0
configure:4069: result: 
configure:4091: checking whether we are cross compiling
configure:4099: gcc -o conftest    conftest.c  >&5
configure:4103: $? = 0
configure:4110: ./conftest
configure:4114: $? = 0
configure:4129: result: no
configure:4134: checking for suffix of object files
configure:4157: gcc -c   conftest.c >&5
configure:4161: $? = 0
configure:4183: result: o
configure:4187: checking whether the compiler supports GNU C
configure:4207: gcc -c   conftest.c >&5
configure:4207: $? = 0
configure:4217: result: yes
configure:4228: checking whether gcc accepts -g
configure:4249: gcc -c -g  conftest.c >&5
configure:4249: $? = 0
configure:4293: result: yes
configure:4313: checking for gcc option to enable C11 features
configure:4328: gcc  -c -g -O2  conftest.c >&5
configure:4328: $? = 0
configure:4346: result: none needed
configure:4462: checking whether gcc understands -c and -o together
configure:4485: gcc -c conftest.c -o conftest2.o
configure:4488: $? = 0
configure:4485: gcc -c conftest.c -o conftest2.o
configure:4488: $? = 0
configure:4500: result: yes
configure:4519: checking dependency style of gcc
configure:4631: result: gcc3
configure:4652: checking for stdio.h
configure:4652: gcc -c -g -O2  conftest.c >&5
configure:4652: $? = 0
configure:4652: result: yes
configure:4652: checking for stdlib.h
configure:4652: gcc -c -g -O2  conftest.c >&5
configure:4652: $? = 0
configure:4652: result: yes
configure:4652: checking for string.h
configure:4652: gcc -c -g -O2  conftest.c >&5
configure:4652: $? = 0
configure:4652: result: yes
configure:4652: checking for inttypes.h
configure:4652: gcc -c -g -O2  conftest.c >&5
configure:4652: $? = 0
configure:4652: result: yes
configure:4652: checking for stdint.h
configure:4652: gcc -c -g -O2  conftest.c >&5
configure:4652: $? = 0
configure:4652: result: yes
configure:4652: checking for strings.h
configure:4652: gcc -c -g -O2  conftest.c >&5
configure:4652: $? = 0
configure:4652: result: yes
configure:4652: checking for sys/stat.h
configure:4652: gcc -c -g -O2  conftest.c >&5
configure:4652: $? = 0
configure:4652: result: yes
configure:4652: checking for sys/types.h
configure:4652: gcc -c -g -O2  conftest.c >&5
configure:4652: $? = 0
configure:4652: result: yes
configure:4652: checking for unistd.h
configure:4652: gcc -c -g -O2  conftest.c >&5
configure:4652: $? = 0
configure:4652: result: yes
configure:4652: checking for wchar.h
configure:4652: gcc -c -g -O2  conftest.c >&5
configure:4652: $? = 0
configure:4652: result: yes
configure:4652: checking for minix/config.h
configure:4652: gcc -c -g -O2  conftest.c >&5
conftest.c:49:10: fatal error: minix/config.h: No such file or directory
   49 | #include <minix/config.h>
      |          ^~~~~~~~~~~~~~~~
compilation terminated.
configure:4652: $? = 1
configure: failed program was:
| /* confdefs.h */
| #define PACKAGE_NAME "libdqlite"
| #define PACKAGE_TARNAME "libdqlite"
| #define PACKAGE_VERSION "1.14.0"
| #define PACKAGE_STRING "libdqlite 1.14.0"
| #define PACKAGE_BUGREPORT "https://github.com/canonical/dqlite"
| #define PACKAGE_URL ""
| #define PACKAGE "libdqlite"
| #define VERSION "1.14.0"
| #define HAVE_STDIO_H 1
| #define HAVE_STDLIB_H 1
| #define HAVE_STRING_H 1
| #define HAVE_INTTYPES_H 1
| #define HAVE_STDINT_H 1
| #define HAVE_STRINGS_H 1
| #define HAVE_SYS_STAT_H 1
| #define HAVE_SYS_TYPES_H 1
| #define HAVE_UNISTD_H 1
| #define HAVE_WCHAR_H 1
| /* end confdefs.h.  */
| #include <stddef.h>
| #ifdef HAVE_STDIO_H
| # include <stdio.h>
| #endif
| #ifdef HAVE_STDLIB_H
| # include <stdlib.h>
| #endif
| #ifdef HAVE_STRING_H
| # include <string.h>
| #endif
| #ifdef HAVE_INTTYPES_H
| # include <inttypes.h>
| #endif
| #ifdef HAVE_STDINT_H
| # include <stdint.h>
| #endif
| #ifdef HAVE_STRINGS_H
| # include <strings.h>
| #endif
| #ifdef HAVE_SYS_TYPES_H
| # include <sys/types.h>
| #endif
| #ifdef HAVE_SYS_STAT_H
| # include <sys/stat.h>
| #endif
| #ifdef HAVE_UNISTD_H
| # include <unistd.h>
| #endif
| #include <minix/config.h>
configure:4652: result: no
configure:4683: checking whether it is safe to define __EXTENSIONS__
configure:4702: gcc -c -g -O2  conftest.c >&5
configure:4702: $? = 0
configure:4710: result: yes
configure:4713: checking whether _XOPEN_SOURCE should be defined
configure:4735: gcc -c -g -O2  conftest.c >&5
configure:4735: $? = 0
configure:4762: result: no
configure:4825: checking build system type
configure:4840: result: x86_64-pc-linux-gnu
configure:4860: checking host system type
configure:4874: result: x86_64-pc-linux-gnu
configure:4894: checking for a sed that does not truncate output
configure:4964: result: /usr/bin/sed
configure:4974: checking how to run the C preprocessor
configure:5000: gcc -E  conftest.c
configure:5000: $? = 0
configure:5015: gcc -E  conftest.c
conftest.c:38:10: fatal error: ac_nonexistent.h: No such file or directory
   38 | #include <ac_nonexistent.h>
      |          ^~~~~~~~~~~~~~~~~~
compilation terminated.
configure:5015: $? = 1
configure: failed program was:
| /* confdefs.h */
| #define PACKAGE_NAME "libdqlite"
| #define PACKAGE_TARNAME "libdqlite"
| #define PACKAGE_VERSION "1.14.0"
| #define PACKAGE_STRING "libdqlite 1.14.0"
| #define PACKAGE_BUGREPORT "https://github.com/canonical/dqlite"
| #define PACKAGE_URL ""
| #define PACKAGE "libdqlite"
| #define VERSION "1.14.0"
| #define HAVE_STDIO_H 1
| #define HAVE_STDLIB_H 1
| #define HAVE_STRING_H 1
| #define HAVE_INTTYPES_H 1
| #define HAVE_STDINT_H 1
| #define HAVE_STRINGS_H 1
| #define HAVE_SYS_STAT_H 1
| #define HAVE_SYS_TYPES_H 1
| #define HAVE_UNISTD_H 1
| #define HAVE_WCHAR_H 1
| #define STDC_HEADERS 1
| #define _ALL_SOURCE 1
| #define _DARWIN_C_SOURCE 1
| #define _GNU_SOURCE 1
| #define _HPUX_ALT_XOPEN_SOCKET_API 1
| #define _NETBSD_SOURCE 1
| #define _OPENBSD_SOURCE 1
| #define _POSIX_PTHREAD_SEMANTICS 1
| #define __STDC_WANT_IEC_60559_ATTRIBS_EXT__ 1
| #define __STDC_WANT_IEC_60559_BFP_EXT__ 1
| #define __STDC_WANT_IEC_60559_DFP_EXT__ 1
| #define __STDC_WANT_IEC_60559_FUNCS_EXT__ 1
| #define __STDC_WANT_IEC_60559_TYPES_EXT__ 1
| #define __STDC_WANT_LIB_EXT2__ 1
| #define __STDC_WANT_MATH_SPEC_FUNCS__ 1
| #define _TANDEM_SOURCE 1
| #define __EXTENSIONS__ 1
| /* end confdefs.h.  */
| #include <ac_nonexistent.h>
configure:5042: result: gcc -E
configure:5056: gcc -E  conftest.c
configure:5056: $? = 0
configure:5071: gcc -E  conftest.c
conftest.c:38:10: fatal error: ac_nonexistent.h: No such file or directory
   38 | #include <ac_nonexistent.h>
      |          ^~~~~~~~~~~~~~~~~~
compilation terminated.
configure:5071: $? = 1
configure: failed program was:
| /* confdefs.h */
| #define PACKAGE_NAME "libdqlite"
| #define PACKAGE_TARNAME "libdqlite"
| #define PACKAGE_VERSION "1.14.0"
| #define PACKAGE_STRING "libdqlite 1.14.0"
| #define PACKAGE_BUGREPORT "https://github.com/canonical/dqlite"
| #define PACKAGE_URL ""
| #define PACKAGE "libdqlite"
| #define VERSION "1.14.0"
| #define HAVE_STDIO_H 1
| #define HAVE_STDLIB_H 1
| #define HAVE_STRING_H 1
| #define HAVE_INTTYPES_H 1
| #define HAVE_STDINT_H 1
| #define HAVE_STRINGS_H 1
| #define HAVE_SYS_STAT_H 1
| #define HAVE_SYS_TYPES_H 1
| #define HAVE_UNISTD_H 1
| #define HAVE_WCHAR_H 1
| #define STDC_HEADERS 1
| #define _ALL_SOURCE 1
| #define _DARWIN_C_SOURCE 1
| #define _GNU_SOURCE 1
| #define _HPUX_ALT_XOPEN_SOCKET_API 1
| #define _NETBSD_SOURCE 1
| #define _OPENBSD_SOURCE 1
| #define _POSIX_PTHREAD_SEMANTICS 1
| #define __STDC_WANT_IEC_60559_ATTRIBS_EXT__ 1
| #define __STDC_WANT_IEC_60559_BFP_EXT__ 1
| #define __STDC_WANT_IEC_60559_DFP_EXT__ 1
| #define __STDC_WANT_IEC_60559_FUNCS_EXT__ 1
| #define __STDC_WANT_IEC_60559_TYPES_EXT__ 1
| #define __STDC_WANT_LIB_EXT2__ 1
| #define __STDC_WANT_MATH_SPEC_FUNCS__ 1
| #define _TANDEM_SOURCE 1
| #define __EXTENSIONS__ 1
| /* end confdefs.h.  */
| #include <ac_nonexistent.h>
configure:5102: checking for grep that handles long lines and -e
configure:5166: result: /usr/bin/grep
configure:5171: checking for egrep
configure:5239: result: /usr/bin/grep -E
configure:5400: checking whether gcc is Clang
configure:5427: result: no
configure:5492: checking whether pthreads work with "-pthread" and "-lpthread"
configure:5603: gcc -o conftest -g -O2 -pthread   conftest.c -lpthread  >&5
configure:5603: $? = 0
configure:5613: result: yes
configure:5736: checking for joinable pthread attribute
configure:5755: gcc -o conftest -g -O2 -pthread   conftest.c -lpthread  >&5
configure:5755: $? = 0
configure:5764: result: PTHREAD_CREATE_JOINABLE
configure:5777: checking whether more special flags are required for pthreads
configure:5791: result: no
configure:5800: checking for PTHREAD_PRIO_INHERIT
configure:5818: gcc -o conftest -g -O2 -pthread   conftest.c -lpthread  >&5
configure:5818: $? = 0
configure:5828: result: yes
configure:5985: checking how to print strings
configure:6012: result: printf
configure:6033: checking for a sed that does not truncate output
configure:6103: result: /usr/bin/sed
configure:6121: checking for fgrep
configure:6189: result: /usr/bin/grep -F
configure:6225: checking for ld used by gcc
configure:6293: result: /usr/bin/ld
configure:6300: checking if the linker (/usr/bin/ld) is GNU ld
configure:6316: result: yes
configure:6328: checking for BSD- or MS-compatible name lister (nm)
configure:6383: result: /usr/bin/nm -B
configure:6523: checking the name lister (/usr/bin/nm -B) interface
configure:6531: gcc -c -g -O2  conftest.c >&5
configure:6534: /usr/bin/nm -B "conftest.o"
configure:6537: output
0000000000000000 B some_variable
configure:6544: result: BSD nm
configure:6547: checking whether ln -s works
configure:6551: result: yes
configure:6559: checking the maximum length of command line arguments
configure:6691: result: 1572864
configure:6739: checking how to convert x86_64-pc-linux-gnu file names to x86_64-pc-linux-gnu format
configure:6780: result: func_convert_file_noop
configure:6787: checking how to convert x86_64-pc-linux-gnu file names to toolchain format
configure:6808: result: func_convert_file_noop
configure:6815: checking for /usr/bin/ld option to reload object files
configure:6823: result: -r
configure:6902: checking for file
configure:6923: found /usr/bin/file
configure:6934: result: file
configure:7010: checking for objdump
configure:7031: found /usr/bin/objdump
configure:7042: result: objdump
configure:7074: checking how to recognize dependent libraries
configure:7275: result: pass_all
configure:7365: checking for dlltool
configure:7400: result: no
configure:7430: checking how to associate runtime and link libraries
configure:7458: result: printf %s\n
configure:7523: checking for ar
configure:7544: found /usr/bin/ar
configure:7555: result: ar
configure:7608: checking for archiver @FILE support
configure:7626: gcc -c -g -O2  conftest.c >&5
configure:7626: $? = 0
configure:7630: ar cr libconftest.a @conftest.lst >&5
configure:7633: $? = 0
configure:7638: ar cr libconftest.a @conftest.lst >&5
ar: conftest.o: No such file or directory
configure:7641: $? = 1
configure:7653: result: @
configure:7716: checking for strip
configure:7737: found /usr/bin/strip
configure:7748: result: strip
configure:7825: checking for ranlib
configure:7846: found /usr/bin/ranlib
configure:7857: result: ranlib
configure:7959: checking command to parse /usr/bin/nm -B output from gcc object
configure:8113: gcc -c -g -O2  conftest.c >&5
configure:8116: $? = 0
configure:8120: /usr/bin/nm -B conftest.o | /usr/bin/sed -n -e 's/^.*[	 ]\([ABCDGIRSTW][ABCDGIRSTW]*\)[	 ][	 ]*\([_A-Za-z][_A-Za-z0-9]*\)$/\1 \2 \2/p' | /usr/bin/sed '/ __gnu_lto/d' > conftest.nm
configure:8186: gcc -o conftest -g -O2   conftest.c conftstm.o >&5
configure:8189: $? = 0
configure:8227: result: ok
configure:8274: checking for sysroot
configure:8305: result: no
configure:8312: checking for a working dd
configure:8356: result: /usr/bin/dd
configure:8360: checking how to truncate binary pipes
configure:8376: result: /usr/bin/dd bs=4096 count=1
configure:8513: gcc -c -g -O2  conftest.c >&5
configure:8516: $? = 0
configure:8713: checking for mt
configure:8734: found /usr/bin/mt
configure:8745: result: mt
configure:8768: checking if mt is a manifest tool
configure:8775: mt '-?'
configure:8783: result: no
configure:9504: checking for dlfcn.h
configure:9504: gcc -c -g -O2  conftest.c >&5
configure:9504: $? = 0
configure:9504: result: yes
configure:9763: checking for objdir
configure:9779: result: .libs
configure:10043: checking if gcc supports -fno-rtti -fno-exceptions
configure:10062: gcc -c -g -O2  -fno-rtti -fno-exceptions conftest.c >&5
cc1: warning: command-line option '-fno-rtti' is valid for C++/D/ObjC++ but not for C
configure:10066: $? = 0
configure:10079: result: no
configure:10443: checking for gcc option to produce PIC
configure:10451: result: -fPIC -DPIC
configure:10459: checking if gcc PIC flag -fPIC -DPIC works
configure:10478: gcc -c -g -O2  -fPIC -DPIC -DPIC conftest.c >&5
configure:10482: $? = 0
configure:10495: result: yes
configure:10524: checking if gcc static flag -static works
configure:10553: result: yes
configure:10568: checking if gcc supports -c -o file.o
configure:10590: gcc -c -g -O2  -o out/conftest2.o conftest.c >&5
configure:10594: $? = 0
configure:10616: result: yes
configure:10624: checking if gcc supports -c -o file.o
configure:10672: result: yes
configure:10705: checking whether the gcc linker (/usr/bin/ld -m elf_x86_64) supports shared libraries
configure:11979: result: yes
configure:12016: checking whether -lc should be explicitly linked in
configure:12025: gcc -c -g -O2  conftest.c >&5
configure:12028: $? = 0
configure:12043: gcc -shared  -fPIC -DPIC conftest.o  -v -Wl,-soname -Wl,conftest -o conftest 2\>\&1 \| /usr/bin/grep  -lc  \>/dev/null 2\>\&1
configure:12046: $? = 0
configure:12060: result: no
configure:12220: checking dynamic linker characteristics
configure:12802: gcc -o conftest -g -O2   -Wl,-rpath -Wl,/foo conftest.c  >&5
configure:12802: $? = 0
configure:13053: result: GNU/Linux ld.so
configure:13175: checking how to hardcode library paths into programs
configure:13200: result: immediate
configure:13752: checking whether stripping libraries is possible
configure:13761: result: yes
configure:13803: checking if libtool supports shared libraries
configure:13805: result: yes
configure:13808: checking whether to build shared libraries
configure:13833: result: yes
configure:13836: checking whether to build static libraries
configure:13840: result: yes
configure:13913: checking whether C compiler accepts -fsanitize=address
configure:13933: gcc -c -g -O2  -fsanitize=address  conftest.c >&5
configure:13933: $? = 0
configure:13942: result: yes
configure:14008: checking whether to build with code coverage support
configure:14029: result: no
configure:14368: checking for arpa/inet.h
configure:14368: gcc -c -g -O2  conftest.c >&5
configure:14368: $? = 0
configure:14368: result: yes
configure:14374: checking for fcntl.h
configure:14374: gcc -c -g -O2  conftest.c >&5
configure:14374: $? = 0
configure:14374: result: yes
configure:14380: checking for stdint.h
configure:14380: result: yes
configure:14386: checking for stdlib.h
configure:14386: result: yes
configure:14392: checking for string.h
configure:14392: result: yes
configure:14398: checking for sys/socket.h
configure:14398: gcc -c -g -O2  conftest.c >&5
configure:14398: $? = 0
configure:14398: result: yes
configure:14404: checking for unistd.h
configure:14404: result: yes
configure:14413: checking for size_t
configure:14413: gcc -c -g -O2  conftest.c >&5
configure:14413: $? = 0
configure:14413: gcc -c -g -O2  conftest.c >&5
conftest.c: In function 'main':
conftest.c:80:21: error: expected expression before ')' token
   80 | if (sizeof ((size_t)))
      |                     ^
configure:14413: $? = 1
configure: failed program was:
| /* confdefs.h */
| #define PACKAGE_NAME "libdqlite"
| #define PACKAGE_TARNAME "libdqlite"
| #define PACKAGE_VERSION "1.14.0"
| #define PACKAGE_STRING "libdqlite 1.14.0"
| #define PACKAGE_BUGREPORT "https://github.com/canonical/dqlite"
| #define PACKAGE_URL ""
| #define PACKAGE "libdqlite"
| #define VERSION "1.14.0"
| #define HAVE_STDIO_H 1
| #define HAVE_STDLIB_H 1
| #define HAVE_STRING_H 1
| #define HAVE_INTTYPES_H 1
| #define HAVE_STDINT_H 1
| #define HAVE_STRINGS_H 1
| #define HAVE_SYS_STAT_H 1
| #define HAVE_SYS_TYPES_H 1
| #define HAVE_UNISTD_H 1
| #define HAVE_WCHAR_H 1
| #define STDC_HEADERS 1
| #define _ALL_SOURCE 1
| #define _DARWIN_C_SOURCE 1
| #define _GNU_SOURCE 1
| #define _HPUX_ALT_XOPEN_SOCKET_API 1
| #define _NETBSD_SOURCE 1
| #define _OPENBSD_SOURCE 1
| #define _POSIX_PTHREAD_SEMANTICS 1
| #define __STDC_WANT_IEC_60559_ATTRIBS_EXT__ 1
| #define __STDC_WANT_IEC_60559_BFP_EXT__ 1
| #define __STDC_WANT_IEC_60559_DFP_EXT__ 1
| #define __STDC_WANT_IEC_60559_FUNCS_EXT__ 1
| #define __STDC_WANT_IEC_60559_TYPES_EXT__ 1
| #define __STDC_WANT_LIB_EXT2__ 1
| #define __STDC_WANT_MATH_SPEC_FUNCS__ 1
| #define _TANDEM_SOURCE 1
| #define __EXTENSIONS__ 1
| #define HAVE_PTHREAD_PRIO_INHERIT 1
| #define HAVE_PTHREAD 1
| #define HAVE_DLFCN_H 1
| #define LT_OBJDIR ".libs/"
| #define HAVE_ARPA_INET_H 1
| #define HAVE_FCNTL_H 1
| #define HAVE_STDINT_H 1
| #define HAVE_STDLIB_H 1
| #define HAVE_STRING_H 1
| #define HAVE_SYS_SOCKET_H 1
| #define HAVE_UNISTD_H 1
| /* end confdefs.h.  */
| #include <stddef.h>
| #ifdef HAVE_STDIO_H
| # include <stdio.h>
| #endif
| #ifdef HAVE_STDLIB_H
| # include <stdlib.h>
| #endif
| #ifdef HAVE_STRING_H
| # include <string.h>
| #endif
| #ifdef HAVE_INTTYPES_H
| # include <inttypes.h>
| #endif
| #ifdef HAVE_STDINT_H
| # include <stdint.h>
| #endif
| #ifdef HAVE_STRINGS_H
| # include <strings.h>
| #endif
| #ifdef HAVE_SYS_TYPES_H
| # include <sys/types.h>
| #endif
| #ifdef HAVE_SYS_STAT_H
| # include <sys/stat.h>
| #endif
| #ifdef HAVE_UNISTD_H
| # include <unistd.h>
| #endif
| int
| main (void)
| {
| if (sizeof ((size_t)))
| 	    return 0;
|   ;
|   return 0;
| }
configure:14413: result: yes
configure:14423: checking for ssize_t
configure:14423: gcc -c -g -O2  conftest.c >&5
configure:14423: $? = 0
configure:14423: gcc -c -g -O2  conftest.c >&5
conftest.c: In function 'main':
conftest.c:80:22: error: expected expression before ')' token
   80 | if (sizeof ((ssize_t)))
      |                      ^
configure:14423: $? = 1
configure: failed program was:
| /* confdefs.h */
| #define PACKAGE_NAME "libdqlite"
| #define PACKAGE_TARNAME "libdqlite"
| #define PACKAGE_VERSION "1.14.0"
| #define PACKAGE_STRING "libdqlite 1.14.0"
| #define PACKAGE_BUGREPORT "https://github.com/canonical/dqlite"
| #define PACKAGE_URL ""
| #define PACKAGE "libdqlite"
| #define VERSION "1.14.0"
| #define HAVE_STDIO_H 1
| #define HAVE_STDLIB_H 1
| #define HAVE_STRING_H 1
| #define HAVE_INTTYPES_H 1
| #define HAVE_STDINT_H 1
| #define HAVE_STRINGS_H 1
| #define HAVE_SYS_STAT_H 1
| #define HAVE_SYS_TYPES_H 1
| #define HAVE_UNISTD_H 1
| #define HAVE_WCHAR_H 1
| #define STDC_HEADERS 1
| #define _ALL_SOURCE 1
| #define _DARWIN_C_SOURCE 1
| #define _GNU_SOURCE 1
| #define _HPUX_ALT_XOPEN_SOCKET_API 1
| #define _NETBSD_SOURCE 1
| #define _OPENBSD_SOURCE 1
| #define _POSIX_PTHREAD_SEMANTICS 1
| #define __STDC_WANT_IEC_60559_ATTRIBS_EXT__ 1
| #define __STDC_WANT_IEC_60559_BFP_EXT__ 1
| #define __STDC_WANT_IEC_60559_DFP_EXT__ 1
| #define __STDC_WANT_IEC_60559_FUNCS_EXT__ 1
| #define __STDC_WANT_IEC_60559_TYPES_EXT__ 1
| #define __STDC_WANT_LIB_EXT2__ 1
| #define __STDC_WANT_MATH_SPEC_FUNCS__ 1
| #define _TANDEM_SOURCE 1
| #define __EXTENSIONS__ 1
| #define HAVE_PTHREAD_PRIO_INHERIT 1
| #define HAVE_PTHREAD 1
| #define HAVE_DLFCN_H 1
| #define LT_OBJDIR ".libs/"
| #define HAVE_ARPA_INET_H 1
| #define HAVE_FCNTL_H 1
| #define HAVE_STDINT_H 1
| #define HAVE_STDLIB_H 1
| #define HAVE_STRING_H 1
| #define HAVE_SYS_SOCKET_H 1
| #define HAVE_UNISTD_H 1
| /* end confdefs.h.  */
| #include <stddef.h>
| #ifdef HAVE_STDIO_H
| # include <stdio.h>
| #endif
| #ifdef HAVE_STDLIB_H
| # include <stdlib.h>
| #endif
| #ifdef HAVE_STRING_H
| # include <string.h>
| #endif
| #ifdef HAVE_INTTYPES_H
| # include <inttypes.h>
| #endif
| #ifdef HAVE_STDINT_H
| # include <stdint.h>
| #endif
| #ifdef HAVE_STRINGS_H
| # include <strings.h>
| #endif
| #ifdef HAVE_SYS_TYPES_H
| # include <sys/types.h>
| #endif
| #ifdef HAVE_SYS_STAT_H
| # include <sys/stat.h>
| #endif
| #ifdef HAVE_UNISTD_H
| # include <unistd.h>
| #endif
| int
| main (void)
| {
| if (sizeof ((ssize_t)))
| 	    return 0;
|   ;
|   return 0;
| }
configure:14423: result: yes
configure:14433: checking for uint16_t
configure:14433: gcc -c -g -O2  conftest.c >&5
configure:14433: $? = 0
configure:14433: result: yes
configure:14443: checking for uint32_t
configure:14443: gcc -c -g -O2  conftest.c >&5
configure:14443: $? = 0
configure:14443: result: yes
configure:14455: checking for uint8_t
configure:14455: gcc -c -g -O2  conftest.c >&5
configure:14455: $? = 0
configure:14455: result: yes
configure:14479: checking for special C compiler options needed for large files
configure:14527: result: no
configure:14533: checking for _FILE_OFFSET_BITS value needed for large files
configure:14559: gcc -c -g -O2  conftest.c >&5
configure:14559: $? = 0
configure:14593: result: no
configure:14736: checking for pkg-config
configure:14759: found /usr/bin/pkg-config
configure:14771: result: /usr/bin/pkg-config
configure:14796: checking pkg-config is at least version 0.9.0
configure:14799: result: yes
configure:14809: checking for SQLITE
configure:14816: $PKG_CONFIG --exists --print-errors "sqlite3 >= 3.22.0"
configure:14819: $? = 0
configure:14833: $PKG_CONFIG --exists --print-errors "sqlite3 >= 3.22.0"
configure:14836: $? = 0
configure:14894: result: yes
configure:14900: checking for UV
configure:14907: $PKG_CONFIG --exists --print-errors "libuv >= 1.8.0"
configure:14910: $? = 0
configure:14924: $PKG_CONFIG --exists --print-errors "libuv >= 1.8.0"
configure:14927: $? = 0
configure:14985: result: yes
configure:14991: checking for RAFT
configure:14998: $PKG_CONFIG --exists --print-errors "raft >= 0.17.1"
configure:15001: $? = 0
configure:15015: $PKG_CONFIG --exists --print-errors "raft >= 0.17.1"
configure:15018: $? = 0
configure:15076: result: yes
configure:15116: checking if gcc supports flag -std=c11 in envvar CFLAGS
configure:15128: gcc -o conftest -g -O2 -Werror -std=c11   conftest.c  >&5
configure:15128: $? = 0
configure:15139: result: yes
configure:15116: checking if gcc supports flag -g in envvar CFLAGS
configure:15128: gcc -o conftest -g -O2 -Werror -g   conftest.c  >&5
configure:15128: $? = 0
configure:15139: result: yes
configure:15116: checking if gcc supports flag --mcet in envvar CFLAGS
configure:15128: gcc -o conftest -g -O2 -Werror --mcet   conftest.c  >&5
gcc: error: unrecognized command-line option '--mcet'
configure:15128: $? = 1
configure: failed program was:
| /* confdefs.h */
| #define PACKAGE_NAME "libdqlite"
| #define PACKAGE_TARNAME "libdqlite"
| #define PACKAGE_VERSION "1.14.0"
| #define PACKAGE_STRING "libdqlite 1.14.0"
| #define PACKAGE_BUGREPORT "https://github.com/canonical/dqlite"
| #define PACKAGE_URL ""
| #define PACKAGE "libdqlite"
| #define VERSION "1.14.0"
| #define HAVE_STDIO_H 1
| #define HAVE_STDLIB_H 1
| #define HAVE_STRING_H 1
| #define HAVE_INTTYPES_H 1
| #define HAVE_STDINT_H 1
| #define HAVE_STRINGS_H 1
| #define HAVE_SYS_STAT_H 1
| #define HAVE_SYS_TYPES_H 1
| #define HAVE_UNISTD_H 1
| #define HAVE_WCHAR_H 1
| #define STDC_HEADERS 1
| #define _ALL_SOURCE 1
| #define _DARWIN_C_SOURCE 1
| #define _GNU_SOURCE 1
| #define _HPUX_ALT_XOPEN_SOCKET_API 1
| #define _NETBSD_SOURCE 1
| #define _OPENBSD_SOURCE 1
| #define _POSIX_PTHREAD_SEMANTICS 1
| #define __STDC_WANT_IEC_60559_ATTRIBS_EXT__ 1
| #define __STDC_WANT_IEC_60559_BFP_EXT__ 1
| #define __STDC_WANT_IEC_60559_DFP_EXT__ 1
| #define __STDC_WANT_IEC_60559_FUNCS_EXT__ 1
| #define __STDC_WANT_IEC_60559_TYPES_EXT__ 1
| #define __STDC_WANT_LIB_EXT2__ 1
| #define __STDC_WANT_MATH_SPEC_FUNCS__ 1
| #define _TANDEM_SOURCE 1
| #define __EXTENSIONS__ 1
| #define HAVE_PTHREAD_PRIO_INHERIT 1
| #define HAVE_PTHREAD 1
| #define HAVE_DLFCN_H 1
| #define LT_OBJDIR ".libs/"
| #define HAVE_ARPA_INET_H 1
| #define HAVE_FCNTL_H 1
| #define HAVE_STDINT_H 1
| #define HAVE_STDLIB_H 1
| #define HAVE_STRING_H 1
| #define HAVE_SYS_SOCKET_H 1
| #define HAVE_UNISTD_H 1
| /* end confdefs.h.  */
| int main(void) { return 0; }
configure:15139: result: no
configure:15116: checking if gcc supports flag -fcf-protection in envvar CFLAGS
configure:15128: gcc -o conftest -g -O2 -Werror -fcf-protection   conftest.c  >&5
configure:15128: $? = 0
configure:15139: result: yes
configure:15116: checking if gcc supports flag --param=ssp-buffer-size=4 in envvar CFLAGS
configure:15128: gcc -o conftest -g -O2 -Werror --param=ssp-buffer-size=4   conftest.c  >&5
configure:15128: $? = 0
configure:15139: result: yes
configure:15116: checking if gcc supports flag -pipe in envvar CFLAGS
configure:15128: gcc -o conftest -g -O2 -Werror -pipe   conftest.c  >&5
configure:15128: $? = 0
configure:15139: result: yes
configure:15116: checking if gcc supports flag -fno-strict-aliasing in envvar CFLAGS
configure:15128: gcc -o conftest -g -O2 -Werror -fno-strict-aliasing   conftest.c  >&5
configure:15128: $? = 0
configure:15139: result: yes
configure:15116: checking if gcc supports flag -fdiagnostics-color in envvar CFLAGS
configure:15128: gcc -o conftest -g -O2 -Werror -fdiagnostics-color   conftest.c  >&5
configure:15128: $? = 0
configure:15139: result: yes
configure:15116: checking if gcc supports flag -fexceptions in envvar CFLAGS
configure:15128: gcc -o conftest -g -O2 -Werror -fexceptions   conftest.c  >&5
configure:15128: $? = 0
configure:15139: result: yes
configure:15116: checking if gcc supports flag -fstack-clash-protection in envvar CFLAGS
configure:15128: gcc -o conftest -g -O2 -Werror -fstack-clash-protection   conftest.c  >&5
configure:15128: $? = 0
configure:15139: result: yes
configure:15116: checking if gcc supports flag -fstack-protector-strong in envvar CFLAGS
configure:15128: gcc -o conftest -g -O2 -Werror -fstack-protector-strong   conftest.c  >&5
configure:15128: $? = 0
configure:15139: result: yes
configure:15116: checking if gcc supports flag -fasynchronous-unwind-tables in envvar CFLAGS
configure:15128: gcc -o conftest -g -O2 -Werror -fasynchronous-unwind-tables   conftest.c  >&5
configure:15128: $? = 0
configure:15139: result: yes
configure:15116: checking if gcc supports flag -fdiagnostics-show-option in envvar CFLAGS
configure:15128: gcc -o conftest -g -O2 -Werror -fdiagnostics-show-option   conftest.c  >&5
configure:15128: $? = 0
configure:15139: result: yes
configure:15116: checking if gcc supports flag -Wall in envvar CFLAGS
configure:15128: gcc -o conftest -g -O2 -Werror -Wall   conftest.c  >&5
configure:15128: $? = 0
configure:15139: result: yes
configure:15116: checking if gcc supports flag -Wextra in envvar CFLAGS
configure:15128: gcc -o conftest -g -O2 -Werror -Wextra   conftest.c  >&5
configure:15128: $? = 0
configure:15139: result: yes
configure:15116: checking if gcc supports flag -Wimplicit-fallthrough=5 in envvar CFLAGS
configure:15128: gcc -o conftest -g -O2 -Werror -Wimplicit-fallthrough=5   conftest.c  >&5
configure:15128: $? = 0
configure:15139: result: yes
configure:15116: checking if gcc supports flag -Wcast-align in envvar CFLAGS
configure:15128: gcc -o conftest -g -O2 -Werror -Wcast-align   conftest.c  >&5
configure:15128: $? = 0
configure:15139: result: yes
configure:15116: checking if gcc supports flag -Wstrict-prototypes in envvar CFLAGS
configure:15128: gcc -o conftest -g -O2 -Werror -Wstrict-prototypes   conftest.c  >&5
configure:15128: $? = 0
configure:15139: result: yes
configure:15116: checking if gcc supports flag -Wlogical-op in envvar CFLAGS
configure:15128: gcc -o conftest -g -O2 -Werror -Wlogical-op   conftest.c  >&5
configure:15128: $? = 0
configure:15139: result: yes
configure:15116: checking if gcc supports flag -Wmissing-include-dirs in envvar CFLAGS
configure:15128: gcc -o conftest -g -O2 -Werror -Wmissing-include-dirs   conftest.c  >&5
configure:15128: $? = 0
configure:15139: result: yes
configure:15116: checking if gcc supports flag -Wold-style-definition in envvar CFLAGS
configure:15128: gcc -o conftest -g -O2 -Werror -Wold-style-definition   conftest.c  >&5
configure:15128: $? = 0
configure:15139: result: yes
configure:15116: checking if gcc supports flag -Winit-self in envvar CFLAGS
configure:15128: gcc -o conftest -g -O2 -Werror -Winit-self   conftest.c  >&5
configure:15128: $? = 0
configure:15139: result: yes
configure:15116: checking if gcc supports flag -Wfloat-equal in envvar CFLAGS
configure:15128: gcc -o conftest -g -O2 -Werror -Wfloat-equal   conftest.c  >&5
configure:15128: $? = 0
configure:15139: result: yes
configure:15116: checking if gcc supports flag -Wsuggest-attribute=noreturn in envvar CFLAGS
configure:15128: gcc -o conftest -g -O2 -Werror -Wsuggest-attribute=noreturn   conftest.c  >&5
configure:15128: $? = 0
configure:15139: result: yes
configure:15116: checking if gcc supports flag -Wformat=2 in envvar CFLAGS
configure:15128: gcc -o conftest -g -O2 -Werror -Wformat=2   conftest.c  >&5
configure:15128: $? = 0
configure:15139: result: yes
configure:15116: checking if gcc supports flag -Wshadow in envvar CFLAGS
configure:15128: gcc -o conftest -g -O2 -Werror -Wshadow   conftest.c  >&5
configure:15128: $? = 0
configure:15139: result: yes
configure:15116: checking if gcc supports flag -Wendif-labels in envvar CFLAGS
configure:15128: gcc -o conftest -g -O2 -Werror -Wendif-labels   conftest.c  >&5
configure:15128: $? = 0
configure:15139: result: yes
configure:15116: checking if gcc supports flag -Wdate-time in envvar CFLAGS
configure:15128: gcc -o conftest -g -O2 -Werror -Wdate-time   conftest.c  >&5
configure:15128: $? = 0
configure:15139: result: yes
configure:15116: checking if gcc supports flag -Wnested-externs in envvar CFLAGS
configure:15128: gcc -o conftest -g -O2 -Werror -Wnested-externs   conftest.c  >&5
configure:15128: $? = 0
configure:15139: result: yes
configure:15116: checking if gcc supports flag -Wconversion in envvar CFLAGS
configure:15128: gcc -o conftest -g -O2 -Werror -Wconversion   conftest.c  >&5
configure:15128: $? = 0
configure:15139: result: yes
configure:15116: checking if gcc supports flag -Werror in envvar CFLAGS
configure:15128: gcc -o conftest -g -O2 -Werror -Werror   conftest.c  >&5
configure:15128: $? = 0
configure:15139: result: yes
configure:15293: checking that generated files are newer than configure
configure:15299: result: done
configure:15342: creating ./config.status

## ---------------------- ##
## Running config.status. ##
## ---------------------- ##

This file was extended by libdqlite config.status 1.14.0, which was
generated by GNU Autoconf 2.71.  Invocation command line was

  CONFIG_FILES    = 
  CONFIG_HEADERS  = 
  CONFIG_LINKS    = 
  CONFIG_COMMANDS = 
  $ ./config.status 

on user

config.status:1048: creating dqlite.pc
config.status:1048: creating Makefile
config.status:1220: executing depfiles commands
config.status:1297: cd .       && sed -e '/# am--include-marker/d' Makefile         | make -f - am--depfiles
make: Nothing to be done for 'am--depfiles'.
config.status:1302: $? = 0
config.status:1220: executing libtool commands

## ---------------- ##
## Cache variables. ##
## ---------------- ##

ac_cv_build=x86_64-pc-linux-gnu
ac_cv_c_compiler_gnu=yes
ac_cv_c_uint16_t=yes
ac_cv_c_uint32_t=yes
ac_cv_c_uint8_t=yes
ac_cv_env_CC_set=
ac_cv_env_CC_value=
ac_cv_env_CFLAGS_set=
ac_cv_env_CFLAGS_value=
ac_cv_env_CPPFLAGS_set=
ac_cv_env_CPPFLAGS_value=
ac_cv_env_CPP_set=
ac_cv_env_CPP_value=
ac_cv_env_LDFLAGS_set=
ac_cv_env_LDFLAGS_value=
ac_cv_env_LIBS_set=
ac_cv_env_LIBS_value=
ac_cv_env_LT_SYS_LIBRARY_PATH_set=
ac_cv_env_LT_SYS_LIBRARY_PATH_value=
ac_cv_env_PKG_CONFIG_LIBDIR_set=
ac_cv_env_PKG_CONFIG_LIBDIR_value=
ac_cv_env_PKG_CONFIG_PATH_set=
ac_cv_env_PKG_CONFIG_PATH_value=
ac_cv_env_PKG_CONFIG_set=
ac_cv_env_PKG_CONFIG_value=
ac_cv_env_RAFT_CFLAGS_set=
ac_cv_env_RAFT_CFLAGS_value=
ac_cv_env_RAFT_LIBS_set=
ac_cv_env_RAFT_LIBS_value=
ac_cv_env_SQLITE_CFLAGS_set=
ac_cv_env_SQLITE_CFLAGS_value=
ac_cv_env_SQLITE_LIBS_set=
ac_cv_env_SQLITE_LIBS_value=
ac_cv_env_UV_CFLAGS_set=
ac_cv_env_UV_CFLAGS_value=
ac_cv_env_UV_LIBS_set=
ac_cv_env_UV_LIBS_value=
ac_cv_env_build_alias_set=
ac_cv_env_build_alias_value=
ac_cv_env_host_alias_set=
ac_cv_env_host_alias_value=
ac_cv_env_target_alias_set=
ac_cv_env_target_alias_value=
ac_cv_header_arpa_inet_h=yes
ac_cv_header_dlfcn_h=yes
ac_cv_header_fcntl_h=yes
ac_cv_header_inttypes_h=yes
ac_cv_header_minix_config_h=no
ac_cv_header_stdint_h=yes
ac_cv_header_stdio_h=yes
ac_cv_header_stdlib_h=yes
ac_cv_header_string_h=yes
ac_cv_header_strings_h=yes
ac_cv_header_sys_socket_h=yes
ac_cv_header_sys_stat_h=yes
ac_cv_header_sys_types_h=yes
ac_cv_header_unistd_h=yes
ac_cv_header_wchar_h=yes
ac_cv_host=x86_64-pc-linux-gnu
ac_cv_objext=o
ac_cv_path_EGREP='/usr/bin/grep -E'
ac_cv_path_FGREP='/usr/bin/grep -F'
ac_cv_path_GREP=/usr/bin/grep
ac_cv_path_SED=/usr/bin/sed
ac_cv_path_ac_pt_PKG_CONFIG=/usr/bin/pkg-config
ac_cv_path_install='/usr/bin/install -c'
ac_cv_path_lt_DD=/usr/bin/dd
ac_cv_path_mkdir=/usr/bin/mkdir
ac_cv_prog_AWK=gawk
ac_cv_prog_CPP='gcc -E'
ac_cv_prog_ac_ct_AR=ar
ac_cv_prog_ac_ct_CC=gcc
ac_cv_prog_ac_ct_FILECMD=file
ac_cv_prog_ac_ct_MANIFEST_TOOL=mt
ac_cv_prog_ac_ct_OBJDUMP=objdump
ac_cv_prog_ac_ct_RANLIB=ranlib
ac_cv_prog_ac_ct_STRIP=strip
ac_cv_prog_cc_c11=
ac_cv_prog_cc_g=yes
ac_cv_prog_cc_stdc=
ac_cv_prog_make_make_set=yes
ac_cv_safe_to_define___extensions__=yes
ac_cv_should_define__xopen_source=no
ac_cv_sys_file_offset_bits=no
ac_cv_sys_largefile_CC=no
ac_cv_type_size_t=yes
ac_cv_type_ssize_t=yes
am_cv_CC_dependencies_compiler_type=gcc3
am_cv_make_support_nested_variables=yes
am_cv_prog_cc_c_o=yes
ax_cv_PTHREAD_CLANG=no
ax_cv_PTHREAD_JOINABLE_ATTR=PTHREAD_CREATE_JOINABLE
ax_cv_PTHREAD_PRIO_INHERIT=yes
ax_cv_PTHREAD_SPECIAL_FLAGS=no
ax_cv_check_cflags___fsanitize_address=yes
cc_cv_CFLAGS__Wall=yes
cc_cv_CFLAGS__Wcast_align=yes
cc_cv_CFLAGS__Wconversion=yes
cc_cv_CFLAGS__Wdate_time=yes
cc_cv_CFLAGS__Wendif_labels=yes
cc_cv_CFLAGS__Werror=yes
cc_cv_CFLAGS__Wextra=yes
cc_cv_CFLAGS__Wfloat_equal=yes
cc_cv_CFLAGS__Wformat_2=yes
cc_cv_CFLAGS__Wimplicit_fallthrough_5=yes
cc_cv_CFLAGS__Winit_self=yes
cc_cv_CFLAGS__Wlogical_op=yes
cc_cv_CFLAGS__Wmissing_include_dirs=yes
cc_cv_CFLAGS__Wnested_externs=yes
cc_cv_CFLAGS__Wold_style_definition=yes
cc_cv_CFLAGS__Wshadow=yes
cc_cv_CFLAGS__Wstrict_prototypes=yes
cc_cv_CFLAGS__Wsuggest_attribute_noreturn=yes
cc_cv_CFLAGS___mcet=no
cc_cv_CFLAGS___param_ssp_buffer_size_4=yes
cc_cv_CFLAGS__fasynchronous_unwind_tables=yes
cc_cv_CFLAGS__fcf_protection=yes
cc_cv_CFLAGS__fdiagnostics_color=yes
cc_cv_CFLAGS__fdiagnostics_show_option=yes
cc_cv_CFLAGS__fexceptions=yes
cc_cv_CFLAGS__fno_strict_aliasing=yes
cc_cv_CFLAGS__fstack_clash_protection=yes
cc_cv_CFLAGS__fstack_protector_strong=yes
cc_cv_CFLAGS__g=yes
cc_cv_CFLAGS__pipe=yes
cc_cv_CFLAGS__std_c11=yes
lt_cv_ar_at_file=@
lt_cv_archive_cmds_need_lc=no
lt_cv_deplibs_check_method=pass_all
lt_cv_file_magic_cmd='$MAGIC_CMD'
lt_cv_file_magic_test_file=
lt_cv_ld_reload_flag=-r
lt_cv_nm_interface='BSD nm'
lt_cv_objdir=.libs
lt_cv_path_LD=/usr/bin/ld
lt_cv_path_NM='/usr/bin/nm -B'
lt_cv_path_mainfest_tool=no
lt_cv_prog_compiler_c_o=yes
lt_cv_prog_compiler_pic='-fPIC -DPIC'
lt_cv_prog_compiler_pic_works=yes
lt_cv_prog_compiler_rtti_exceptions=no
lt_cv_prog_compiler_static_works=yes
lt_cv_prog_gnu_ld=yes
lt_cv_sharedlib_from_linklib_cmd='printf %s\n'
lt_cv_shlibpath_overrides_runpath=yes
lt_cv_sys_global_symbol_pipe='/usr/bin/sed -n -e '\''s/^.*[	 ]\([ABCDGIRSTW][ABCDGIRSTW]*\)[	 ][	 ]*\([_A-Za-z][_A-Za-z0-9]*\)$/\1 \2 \2/p'\'' | /usr/bin/sed '\''/ __gnu_lto/d'\'''
lt_cv_sys_global_symbol_to_c_name_address='/usr/bin/sed -n -e '\''s/^: \(.*\) .*$/  {"\1", (void *) 0},/p'\'' -e '\''s/^[ABCDGIRSTW][ABCDGIRSTW]* .* \(.*\)$/  {"\1", (void *) \&\1},/p'\'''
lt_cv_sys_global_symbol_to_c_name_address_lib_prefix='/usr/bin/sed -n -e '\''s/^: \(.*\) .*$/  {"\1", (void *) 0},/p'\'' -e '\''s/^[ABCDGIRSTW][ABCDGIRSTW]* .* \(lib.*\)$/  {"\1", (void *) \&\1},/p'\'' -e '\''s/^[ABCDGIRSTW][ABCDGIRSTW]* .* \(.*\)$/  {"lib\1", (void *) \&\1},/p'\'''
lt_cv_sys_global_symbol_to_cdecl='/usr/bin/sed -n -e '\''s/^T .* \(.*\)$/extern int \1();/p'\'' -e '\''s/^[ABCDGIRSTW][ABCDGIRSTW]* .* \(.*\)$/extern char \1;/p'\'''
lt_cv_sys_global_symbol_to_import=
lt_cv_sys_max_cmd_len=1572864
lt_cv_to_host_file_cmd=func_convert_file_noop
lt_cv_to_tool_file_cmd=func_convert_file_noop
lt_cv_truncate_bin='/usr/bin/dd bs=4096 count=1'
pkg_cv_RAFT_CFLAGS='-I/usr/local/include '
pkg_cv_RAFT_LIBS='-L/usr/local/lib -lraft '
pkg_cv_SQLITE_CFLAGS=
pkg_cv_SQLITE_LIBS='-lsqlite3 '
pkg_cv_UV_CFLAGS=
pkg_cv_UV_LIBS='-luv -lpthread -ldl -lrt '

## ----------------- ##
## Output variables. ##
## ----------------- ##

ACLOCAL='${SHELL} '\''/home/user/Descargas/mallory/dqlite/dqlite/ac/missing'\'' aclocal-1.16'
AMDEPBACKSLASH='\'
AMDEP_FALSE='#'
AMDEP_TRUE=''
AMTAR='$${TAR-tar}'
AM_BACKSLASH='\'
AM_CFLAGS=' -std=c11 -g -fcf-protection --param=ssp-buffer-size=4 -pipe -fno-strict-aliasing -fdiagnostics-color -fexceptions -fstack-clash-protection -fstack-protector-strong -fasynchronous-unwind-tables -fdiagnostics-show-option -Wall -Wextra -Wimplicit-fallthrough=5 -Wcast-align -Wstrict-prototypes -Wlogical-op -Wmissing-include-dirs -Wold-style-definition -Winit-self -Wfloat-equal -Wsuggest-attribute=noreturn -Wformat=2 -Wshadow -Wendif-labels -Wdate-time -Wnested-externs -Wconversion -Werror'
AM_DEFAULT_V='$(AM_DEFAULT_VERBOSITY)'
AM_DEFAULT_VERBOSITY='0'
AM_V='$(V)'
AR='ar'
AUTOCONF='${SHELL} '\''/home/user/Descargas/mallory/dqlite/dqlite/ac/missing'\'' autoconf'
AUTOHEADER='${SHELL} '\''/home/user/Descargas/mallory/dqlite/dqlite/ac/missing'\'' autoheader'
AUTOMAKE='${SHELL} '\''/home/user/Descargas/mallory/dqlite/dqlite/ac/missing'\'' automake-1.16'
AWK='gawk'
BACKTRACE_ENABLED_FALSE=''
BACKTRACE_ENABLED_TRUE='#'
BUILD_SQLITE_ENABLED_FALSE=''
BUILD_SQLITE_ENABLED_TRUE='#'
CC='gcc'
CCDEPMODE='depmode=gcc3'
CFLAGS='-g -O2'
CODE_COVERAGE_CFLAGS=''
CODE_COVERAGE_CPPFLAGS=''
CODE_COVERAGE_CXXFLAGS=''
CODE_COVERAGE_ENABLED='no'
CODE_COVERAGE_ENABLED_FALSE=''
CODE_COVERAGE_ENABLED_TRUE='#'
CODE_COVERAGE_LIBS=''
CPP='gcc -E'
CPPFLAGS=''
CSCOPE='cscope'
CTAGS='ctags'
CYGPATH_W='echo'
DEBUG_ENABLED_FALSE='#'
DEBUG_ENABLED_TRUE=''
DEFS='-DPACKAGE_NAME=\"libdqlite\" -DPACKAGE_TARNAME=\"libdqlite\" -DPACKAGE_VERSION=\"1.14.0\" -DPACKAGE_STRING=\"libdqlite\ 1.14.0\" -DPACKAGE_BUGREPORT=\"https://github.com/canonical/dqlite\" -DPACKAGE_URL=\"\" -DPACKAGE=\"libdqlite\" -DVERSION=\"1.14.0\" -DHAVE_STDIO_H=1 -DHAVE_STDLIB_H=1 -DHAVE_STRING_H=1 -DHAVE_INTTYPES_H=1 -DHAVE_STDINT_H=1 -DHAVE_STRINGS_H=1 -DHAVE_SYS_STAT_H=1 -DHAVE_SYS_TYPES_H=1 -DHAVE_UNISTD_H=1 -DHAVE_WCHAR_H=1 -DSTDC_HEADERS=1 -D_ALL_SOURCE=1 -D_DARWIN_C_SOURCE=1 -D_GNU_SOURCE=1 -D_HPUX_ALT_XOPEN_SOCKET_API=1 -D_NETBSD_SOURCE=1 -D_OPENBSD_SOURCE=1 -D_POSIX_PTHREAD_SEMANTICS=1 -D__STDC_WANT_IEC_60559_ATTRIBS_EXT__=1 -D__STDC_WANT_IEC_60559_BFP_EXT__=1 -D__STDC_WANT_IEC_60559_DFP_EXT__=1 -D__STDC_WANT_IEC_60559_FUNCS_EXT__=1 -D__STDC_WANT_IEC_60559_TYPES_EXT__=1 -D__STDC_WANT_LIB_EXT2__=1 -D__STDC_WANT_MATH_SPEC_FUNCS__=1 -D_TANDEM_SOURCE=1 -D__EXTENSIONS__=1 -DHAVE_PTHREAD_PRIO_INHERIT=1 -DHAVE_PTHREAD=1 -DHAVE_DLFCN_H=1 -DLT_OBJDIR=\".libs/\" -DHAVE_ARPA_INET_H=1 -DHAVE_FCNTL_H=1 -DHAVE_STDINT_H=1 -DHAVE_STDLIB_H=1 -DHAVE_STRING_H=1 -DHAVE_SYS_SOCKET_H=1 -DHAVE_UNISTD_H=1'
DEPDIR='.deps'
DLLTOOL='false'
DSYMUTIL=''
DUMPBIN=''
ECHO_C=''
ECHO_N='-n'
ECHO_T=''
EGREP='/usr/bin/grep -E'
ETAGS='etags'
EXEEXT=''
FGREP='/usr/bin/grep -F'
FILECMD='file'
GCOV=''
GENHTML=''
GREP='/usr/bin/grep'
INSTALL_DATA='${INSTALL} -m 644'
INSTALL_PROGRAM='${INSTALL}'
INSTALL_SCRIPT='${INSTALL}'
INSTALL_STRIP_PROGRAM='$(install_sh) -c -s'
LCOV=''
LD='/usr/bin/ld -m elf_x86_64'
LDFLAGS=''
LIBOBJS=''
LIBS=''
LIBTOOL='$(SHELL) $(top_builddir)/libtool'
LIPO=''
LN_S='ln -s'
LTLIBOBJS=''
LT_SYS_LIBRARY_PATH=''
MAKEINFO='${SHELL} '\''/home/user/Descargas/mallory/dqlite/dqlite/ac/missing'\'' makeinfo'
MANIFEST_TOOL=':'
MKDIR_P='/usr/bin/mkdir -p'
NM='/usr/bin/nm -B'
NMEDIT=''
OBJDUMP='objdump'
OBJEXT='o'
OTOOL64=''
OTOOL=''
PACKAGE='libdqlite'
PACKAGE_BUGREPORT='https://github.com/canonical/dqlite'
PACKAGE_NAME='libdqlite'
PACKAGE_STRING='libdqlite 1.14.0'
PACKAGE_TARNAME='libdqlite'
PACKAGE_URL=''
PACKAGE_VERSION='1.14.0'
PATH_SEPARATOR=':'
PKG_CONFIG='/usr/bin/pkg-config'
PKG_CONFIG_LIBDIR=''
PKG_CONFIG_PATH=''
PTHREAD_CC='gcc'
PTHREAD_CFLAGS='-pthread'
PTHREAD_LIBS='-lpthread'
RAFT_CFLAGS='-I/usr/local/include '
RAFT_LIBS='-L/usr/local/lib -lraft '
RANLIB='ranlib'
SANITIZE_ENABLED_FALSE='#'
SANITIZE_ENABLED_TRUE=''
SED='/usr/bin/sed'
SET_MAKE=''
SHELL='/bin/bash'
SQLITE_CFLAGS=''
SQLITE_LIBS='-lsqlite3 '
STRIP='strip'
UV_CFLAGS=''
UV_LIBS='-luv -lpthread -ldl -lrt '
VERSION='1.14.0'
ac_ct_AR='ar'
ac_ct_CC='gcc'
ac_ct_DUMPBIN=''
am__EXEEXT_FALSE=''
am__EXEEXT_TRUE='#'
am__fastdepCC_FALSE='#'
am__fastdepCC_TRUE=''
am__include='include'
am__isrc=''
am__leading_dot='.'
am__nodep='_no'
am__quote=''
am__tar='$${TAR-tar} chof - "$$tardir"'
am__untar='$${TAR-tar} xf -'
ax_pthread_config=''
bindir='${exec_prefix}/bin'
build='x86_64-pc-linux-gnu'
build_alias=''
build_cpu='x86_64'
build_os='linux-gnu'
build_vendor='pc'
datadir='${datarootdir}'
datarootdir='${prefix}/share'
docdir='${datarootdir}/doc/${PACKAGE_TARNAME}'
dvidir='${docdir}'
exec_prefix='${prefix}'
host='x86_64-pc-linux-gnu'
host_alias=''
host_cpu='x86_64'
host_os='linux-gnu'
host_vendor='pc'
htmldir='${docdir}'
ifGNUmake=''
ifnGNUmake=''
includedir='${prefix}/include'
infodir='${datarootdir}/info'
install_sh='${SHELL} /home/user/Descargas/mallory/dqlite/dqlite/ac/install-sh'
libdir='${exec_prefix}/lib'
libexecdir='${exec_prefix}/libexec'
localedir='${datarootdir}/locale'
localstatedir='${prefix}/var'
mandir='${datarootdir}/man'
mkdir_p='$(MKDIR_P)'
oldincludedir='/usr/include'
pdfdir='${docdir}'
prefix='/usr/local'
program_transform_name='s,x,x,'
psdir='${docdir}'
runstatedir='${localstatedir}/run'
sbindir='${exec_prefix}/sbin'
sharedstatedir='${prefix}/com'
sysconfdir='${prefix}/etc'
target_alias=''

## ----------- ##
## confdefs.h. ##
## ----------- ##

/* confdefs.h */
#define PACKAGE_NAME "libdqlite"
#define PACKAGE_TARNAME "libdqlite"
#define PACKAGE_VERSION "1.14.0"
#define PACKAGE_STRING "libdqlite 1.14.0"
#define PACKAGE_BUGREPORT "https://github.com/canonical/dqlite"
#define PACKAGE_URL ""
#define PACKAGE "libdqlite"
#define VERSION "1.14.0"
#define HAVE_STDIO_H 1
#define HAVE_STDLIB_H 1
#define HAVE_STRING_H 1
#define HAVE_INTTYPES_H 1
#define HAVE_STDINT_H 1
#define HAVE_STRINGS_H 1
#define HAVE_SYS_STAT_H 1
#define HAVE_SYS_TYPES_H 1
#define HAVE_UNISTD_H 1
#define HAVE_WCHAR_H 1
#define STDC_HEADERS 1
#define _ALL_SOURCE 1
#define _DARWIN_C_SOURCE 1
#define _GNU_SOURCE 1
#define _HPUX_ALT_XOPEN_SOCKET_API 1
#define _NETBSD_SOURCE 1
#define _OPENBSD_SOURCE 1
#define _POSIX_PTHREAD_SEMANTICS 1
#define __STDC_WANT_IEC_60559_ATTRIBS_EXT__ 1
#define __STDC_WANT_IEC_60559_BFP_EXT__ 1
#define __STDC_WANT_IEC_60559_DFP_EXT__ 1
#define __STDC_WANT_IEC_60559_FUNCS_EXT__ 1
#define __STDC_WANT_IEC_60559_TYPES_EXT__ 1
#define __STDC_WANT_LIB_EXT2__ 1
#define __STDC_WANT_MATH_SPEC_FUNCS__ 1
#define _TANDEM_SOURCE 1
#define __EXTENSIONS__ 1
#define HAVE_PTHREAD_PRIO_INHERIT 1
#define HAVE_PTHREAD 1
#define HAVE_DLFCN_H 1
#define LT_OBJDIR ".libs/"
#define HAVE_ARPA_INET_H 1
#define HAVE_FCNTL_H 1
#define HAVE_STDINT_H 1
#define HAVE_STDLIB_H 1
#define HAVE_STRING_H 1
#define HAVE_SYS_SOCKET_H 1
#define HAVE_UNISTD_H 1

configure: exit 0
